<html>
<head>
<title>TestNG:  Surefire test</title>
<link href="../testng.css" rel="stylesheet" type="text/css" />
<link href="../my-testng.css" rel="stylesheet" type="text/css" />

<style type="text/css">
.log { display: none;} 
.stack-trace { display: none;} 
</style>
<script type="text/javascript">
<!--
function flip(e) {
  current = e.style.display;
  if (current == 'block') {
    e.style.display = 'none';
    return 0;
  }
  else {
    e.style.display = 'block';
    return 1;
  }
}

function toggleBox(szDivId, elem, msg1, msg2)
{
  var res = -1;  if (document.getElementById) {
    res = flip(document.getElementById(szDivId));
  }
  else if (document.all) {
    // this is the way old msie versions work
    res = flip(document.all[szDivId]);
  }
  if(elem) {
    if(res == 0) elem.innerHTML = msg1; else elem.innerHTML = msg2;
  }

}

function toggleAllBoxes() {
  if (document.getElementsByTagName) {
    d = document.getElementsByTagName('div');
    for (i = 0; i < d.length; i++) {
      if (d[i].className == 'log') {
        flip(d[i]);
      }
    }
  }
}

// -->
</script>

</head>
<body>
<h2 align='center'>Surefire test</h2><table border='1' align="center">
<tr>
<td>Tests passed/Failed/Skipped:</td><td>3/1/0</td>
</tr><tr>
<td>Started on:</td><td>Fri Oct 31 13:41:56 IST 2025</td>
</tr>
<tr><td>Total time:</td><td>115 seconds (115004 ms)</td>
</tr><tr>
<td>Included groups:</td><td></td>
</tr><tr>
<td>Excluded groups:</td><td></td>
</tr>
</table><p/>
<small><i>(Hover the method name to see the test class name)</i></small><p/>
<table width='100%' border='1' class='invocation-failed'>
<tr><td colspan='4' align='center'><b>FAILED TESTS</b></td></tr>
<tr><td><b>Test method</b></td>
<td><b>Attribute(s)</b></td>
<td width="30%"><b>Exception</b></td>
<td width="10%"><b>Time (seconds)</b></td>
<td><b>Instance</b></td>
</tr>
<tr>
<td title='cucumberOptions.TestRunner.runScenario()'><b>runScenario</b><br>Test class: cucumberOptions.TestRunner<br>Test method: Runs Cucumber Scenarios<br>Parameters: "Login with wrong credentials", "Login Page"</td>
<td><div><pre>org.openqa.selenium.TimeoutException: Expected condition failed: waiting for element to no longer be visible: By.id: login (tried for 10 second(s) with 10 milliseconds interval)
Build info: version: &apos;4.4.0&apos;, revision: &apos;e5c75ed026a&apos;
System info: host: &apos;bhupeshs-MacBook-Pro.local&apos;, ip: &apos;2401:4900:8855:7cdc:9853:4dd4:3f27:a048%en0&apos;, os.name: &apos;Mac OS X&apos;, os.arch: &apos;aarch64&apos;, os.version: &apos;26.0.1&apos;, java.version: &apos;24.0.2&apos;
Driver info: org.openqa.selenium.chrome.ChromeDriver
Capabilities {acceptInsecureCerts: false, browserName: chrome, browserVersion: 142.0.7444.60, chrome: {chromedriverVersion: 142.0.7444.59 (4b8153ab58d3..., userDataDir: /var/folders/g_/w61sp5k50x5...}, fedcm:accounts: true, goog:chromeOptions: {debuggerAddress: localhost:60129}, goog:processID: 8359, networkConnectionEnabled: false, pageLoadStrategy: normal, platformName: MAC, proxy: Proxy(), se:cdp: ws://localhost:60129/devtoo..., se:cdpVersion: 142.0.7444.60, setWindowRect: true, strictFileInteractability: false, timeouts: {implicit: 0, pageLoad: 300000, script: 30000}, unhandledPromptBehavior: dismiss and notify, webauthn:extension:credBlob: true, webauthn:extension:largeBlob: true, webauthn:extension:minPinLength: true, webauthn:extension:prf: true, webauthn:virtualAuthenticators: true}
Session ID: ac5e43f48e40380b8cf8dae58879a12f
	at org.openqa.selenium.support.ui.WebDriverWait.timeoutException(WebDriverWait.java:87)
	at org.openqa.selenium.support.ui.FluentWait.until(FluentWait.java:231)
	at pom.PageBase.waitForElement(PageBase.java:54)
	at pom.LoginPage.clickLoginButton(LoginPage.java:71)
	at stepdefinitions.Login.clickLoginButton(Login.java:83)
	at stepdefinitions.Login.user_enter_username_pnd_password(Login.java:35)
	at ✽.User Enter Username = &quot;testuser&quot; And Password = &quot;Password&quot;(file:///Users/bhupeshjoshi/EclipseSelenium/allure/src/test/java/features/Login.feature:18)
</pre></div><a href='#' onClick='toggleBox("stack-trace114938287", this, "Click to show all stack frames", "Click to hide stack frames")'>Click to show all stack frames</a>
<div class='stack-trace' id='stack-trace114938287'><pre>org.openqa.selenium.TimeoutException: Expected condition failed: waiting for element to no longer be visible: By.id: login (tried for 10 second(s) with 10 milliseconds interval)
Build info: version: &apos;4.4.0&apos;, revision: &apos;e5c75ed026a&apos;
System info: host: &apos;bhupeshs-MacBook-Pro.local&apos;, ip: &apos;2401:4900:8855:7cdc:9853:4dd4:3f27:a048%en0&apos;, os.name: &apos;Mac OS X&apos;, os.arch: &apos;aarch64&apos;, os.version: &apos;26.0.1&apos;, java.version: &apos;24.0.2&apos;
Driver info: org.openqa.selenium.chrome.ChromeDriver
Capabilities {acceptInsecureCerts: false, browserName: chrome, browserVersion: 142.0.7444.60, chrome: {chromedriverVersion: 142.0.7444.59 (4b8153ab58d3..., userDataDir: /var/folders/g_/w61sp5k50x5...}, fedcm:accounts: true, goog:chromeOptions: {debuggerAddress: localhost:60129}, goog:processID: 8359, networkConnectionEnabled: false, pageLoadStrategy: normal, platformName: MAC, proxy: Proxy(), se:cdp: ws://localhost:60129/devtoo..., se:cdpVersion: 142.0.7444.60, setWindowRect: true, strictFileInteractability: false, timeouts: {implicit: 0, pageLoad: 300000, script: 30000}, unhandledPromptBehavior: dismiss and notify, webauthn:extension:credBlob: true, webauthn:extension:largeBlob: true, webauthn:extension:minPinLength: true, webauthn:extension:prf: true, webauthn:virtualAuthenticators: true}
Session ID: ac5e43f48e40380b8cf8dae58879a12f
	at org.openqa.selenium.support.ui.WebDriverWait.timeoutException(WebDriverWait.java:87)
	at org.openqa.selenium.support.ui.FluentWait.until(FluentWait.java:231)
	at pom.PageBase.waitForElement(PageBase.java:54)
	at pom.LoginPage.clickLoginButton(LoginPage.java:71)
	at stepdefinitions.Login.clickLoginButton(Login.java:83)
	at stepdefinitions.Login.user_enter_username_pnd_password(Login.java:35)
	at ✽.User Enter Username = &quot;testuser&quot; And Password = &quot;Password&quot;(file:///Users/bhupeshjoshi/EclipseSelenium/allure/src/test/java/features/Login.feature:18)
</pre></div></td>
<td>28</td>
<td>cucumberOptions.TestRunner@dffa30b</td></tr>
</table><p>
<table width='100%' border='1' class='invocation-passed'>
<tr><td colspan='4' align='center'><b>PASSED TESTS</b></td></tr>
<tr><td><b>Test method</b></td>
<td><b>Attribute(s)</b></td>
<td width="30%"><b>Exception</b></td>
<td width="10%"><b>Time (seconds)</b></td>
<td><b>Instance</b></td>
</tr>
<tr>
<td title='cucumberOptions.TestRunner.runScenario()'><b>runScenario</b><br>Test class: cucumberOptions.TestRunner<br>Test method: Runs Cucumber Scenarios<br>Parameters: "Login with correct credentials", "Login Page"</td>
<td></td>
<td>28</td>
<td>cucumberOptions.TestRunner@dffa30b</td></tr>
<tr>
<td title='cucumberOptions.TestRunner.runScenario()'><b>runScenario</b><br>Test class: cucumberOptions.TestRunner<br>Test method: Runs Cucumber Scenarios<br>Parameters: "Login with correct credentials", "Login Page"</td>
<td></td>
<td>25</td>
<td>cucumberOptions.TestRunner@dffa30b</td></tr>
<tr>
<td title='cucumberOptions.TestRunner.runScenario()'><b>runScenario</b><br>Test class: cucumberOptions.TestRunner<br>Test method: Runs Cucumber Scenarios<br>Parameters: "Delete Table Row", "Table Page test"</td>
<td></td>
<td>31</td>
<td>cucumberOptions.TestRunner@dffa30b</td></tr>
</table><p>
</body>
</html>