{"uuid":"1a82ccf0-da55-40a6-8033-fb1ee557554b","historyId":"604c781f2220cc60b6f92fddb6d37f56","fullName":"src/test/java/features/Login.feature:16","labels":[{"name":"host","value":"bhupeshs-MacBook-Pro.local"},{"name":"thread","value":"8253@bhupeshs-MacBook-Pro.local.TestNG-PoolService-1(36)"},{"name":"feature","value":"Login Page"},{"name":"story","value":"Login with wrong credentials"},{"name":"suite","value":"Login Page"},{"name":"testClass","value":"Login with wrong credentials"},{"name":"framework","value":"cucumber4jvm"},{"name":"language","value":"java"},{"name":"gherkin_uri","value":"file:///Users/bhupeshjoshi/EclipseSelenium/allure/src/test/java/features/Login.feature"},{"name":"package","value":"src.test.java.features.Login_feature.Login Page"}],"links":[],"name":"Login with wrong credentials","status":"broken","statusDetails":{"known":false,"muted":false,"flaky":false,"message":"Expected condition failed: waiting for element to no longer be visible: By.id: login (tried for 10 second(s) with 10 milliseconds interval)\nBuild info: version: '4.4.0', revision: 'e5c75ed026a'\nSystem info: host: 'bhupeshs-MacBook-Pro.local', ip: '2401:4900:8855:7cdc:9853:4dd4:3f27:a048%en0', os.name: 'Mac OS X', os.arch: 'aarch64', os.version: '26.0.1', java.version: '24.0.2'\nDriver info: org.openqa.selenium.chrome.ChromeDriver\nCapabilities {acceptInsecureCerts: false, browserName: chrome, browserVersion: 142.0.7444.60, chrome: {chromedriverVersion: 142.0.7444.59 (4b8153ab58d3..., userDataDir: /var/folders/g_/w61sp5k50x5...}, fedcm:accounts: true, goog:chromeOptions: {debuggerAddress: localhost:60129}, goog:processID: 8359, networkConnectionEnabled: false, pageLoadStrategy: normal, platformName: MAC, proxy: Proxy(), se:cdp: ws://localhost:60129/devtoo..., se:cdpVersion: 142.0.7444.60, setWindowRect: true, strictFileInteractability: false, timeouts: {implicit: 0, pageLoad: 300000, script: 30000}, unhandledPromptBehavior: dismiss and notify, webauthn:extension:credBlob: true, webauthn:extension:largeBlob: true, webauthn:extension:minPinLength: true, webauthn:extension:prf: true, webauthn:virtualAuthenticators: true}\nSession ID: ac5e43f48e40380b8cf8dae58879a12f","trace":"org.openqa.selenium.TimeoutException: Expected condition failed: waiting for element to no longer be visible: By.id: login (tried for 10 second(s) with 10 milliseconds interval)\nBuild info: version: '4.4.0', revision: 'e5c75ed026a'\nSystem info: host: 'bhupeshs-MacBook-Pro.local', ip: '2401:4900:8855:7cdc:9853:4dd4:3f27:a048%en0', os.name: 'Mac OS X', os.arch: 'aarch64', os.version: '26.0.1', java.version: '24.0.2'\nDriver info: org.openqa.selenium.chrome.ChromeDriver\nCapabilities {acceptInsecureCerts: false, browserName: chrome, browserVersion: 142.0.7444.60, chrome: {chromedriverVersion: 142.0.7444.59 (4b8153ab58d3..., userDataDir: /var/folders/g_/w61sp5k50x5...}, fedcm:accounts: true, goog:chromeOptions: {debuggerAddress: localhost:60129}, goog:processID: 8359, networkConnectionEnabled: false, pageLoadStrategy: normal, platformName: MAC, proxy: Proxy(), se:cdp: ws://localhost:60129/devtoo..., se:cdpVersion: 142.0.7444.60, setWindowRect: true, strictFileInteractability: false, timeouts: {implicit: 0, pageLoad: 300000, script: 30000}, unhandledPromptBehavior: dismiss and notify, webauthn:extension:credBlob: true, webauthn:extension:largeBlob: true, webauthn:extension:minPinLength: true, webauthn:extension:prf: true, webauthn:virtualAuthenticators: true}\nSession ID: ac5e43f48e40380b8cf8dae58879a12f\n\tat org.openqa.selenium.support.ui.WebDriverWait.timeoutException(WebDriverWait.java:87)\n\tat org.openqa.selenium.support.ui.FluentWait.until(FluentWait.java:231)\n\tat pom.PageBase.waitForElement(PageBase.java:54)\n\tat pom.LoginPage.clickLoginButton(LoginPage.java:71)\n\tat stepdefinitions.Login.clickLoginButton(Login.java:83)\n\tat stepdefinitions.Login.user_enter_username_pnd_password(Login.java:35)\n\tat ✽.User Enter Username = \"testuser\" And Password = \"Password\"(file:///Users/bhupeshjoshi/EclipseSelenium/allure/src/test/java/features/Login.feature:18)\n"},"stage":"finished","steps":[{"name":"Given  User is on Landing Page","status":"passed","statusDetails":{"known":false,"muted":false,"flaky":false},"stage":"finished","steps":[],"attachments":[{"name":"screenshot","source":"d4ea04d5-f7d2-4c9b-9d64-b92caeb0337c-attachment.png","type":"image/png"}],"parameters":[],"start":1761898371861,"stop":1761898378588},{"name":"When  User Enter Username = \"testuser\" And Password = \"Password\"","status":"broken","statusDetails":{"known":false,"muted":false,"flaky":false,"message":"Expected condition failed: waiting for element to no longer be visible: By.id: login (tried for 10 second(s) with 10 milliseconds interval)\nBuild info: version: '4.4.0', revision: 'e5c75ed026a'\nSystem info: host: 'bhupeshs-MacBook-Pro.local', ip: '2401:4900:8855:7cdc:9853:4dd4:3f27:a048%en0', os.name: 'Mac OS X', os.arch: 'aarch64', os.version: '26.0.1', java.version: '24.0.2'\nDriver info: org.openqa.selenium.chrome.ChromeDriver\nCapabilities {acceptInsecureCerts: false, browserName: chrome, browserVersion: 142.0.7444.60, chrome: {chromedriverVersion: 142.0.7444.59 (4b8153ab58d3..., userDataDir: /var/folders/g_/w61sp5k50x5...}, fedcm:accounts: true, goog:chromeOptions: {debuggerAddress: localhost:60129}, goog:processID: 8359, networkConnectionEnabled: false, pageLoadStrategy: normal, platformName: MAC, proxy: Proxy(), se:cdp: ws://localhost:60129/devtoo..., se:cdpVersion: 142.0.7444.60, setWindowRect: true, strictFileInteractability: false, timeouts: {implicit: 0, pageLoad: 300000, script: 30000}, unhandledPromptBehavior: dismiss and notify, webauthn:extension:credBlob: true, webauthn:extension:largeBlob: true, webauthn:extension:minPinLength: true, webauthn:extension:prf: true, webauthn:virtualAuthenticators: true}\nSession ID: ac5e43f48e40380b8cf8dae58879a12f","trace":"org.openqa.selenium.TimeoutException: Expected condition failed: waiting for element to no longer be visible: By.id: login (tried for 10 second(s) with 10 milliseconds interval)\nBuild info: version: '4.4.0', revision: 'e5c75ed026a'\nSystem info: host: 'bhupeshs-MacBook-Pro.local', ip: '2401:4900:8855:7cdc:9853:4dd4:3f27:a048%en0', os.name: 'Mac OS X', os.arch: 'aarch64', os.version: '26.0.1', java.version: '24.0.2'\nDriver info: org.openqa.selenium.chrome.ChromeDriver\nCapabilities {acceptInsecureCerts: false, browserName: chrome, browserVersion: 142.0.7444.60, chrome: {chromedriverVersion: 142.0.7444.59 (4b8153ab58d3..., userDataDir: /var/folders/g_/w61sp5k50x5...}, fedcm:accounts: true, goog:chromeOptions: {debuggerAddress: localhost:60129}, goog:processID: 8359, networkConnectionEnabled: false, pageLoadStrategy: normal, platformName: MAC, proxy: Proxy(), se:cdp: ws://localhost:60129/devtoo..., se:cdpVersion: 142.0.7444.60, setWindowRect: true, strictFileInteractability: false, timeouts: {implicit: 0, pageLoad: 300000, script: 30000}, unhandledPromptBehavior: dismiss and notify, webauthn:extension:credBlob: true, webauthn:extension:largeBlob: true, webauthn:extension:minPinLength: true, webauthn:extension:prf: true, webauthn:virtualAuthenticators: true}\nSession ID: ac5e43f48e40380b8cf8dae58879a12f\n\tat org.openqa.selenium.support.ui.WebDriverWait.timeoutException(WebDriverWait.java:87)\n\tat org.openqa.selenium.support.ui.FluentWait.until(FluentWait.java:231)\n\tat pom.PageBase.waitForElement(PageBase.java:54)\n\tat pom.LoginPage.clickLoginButton(LoginPage.java:71)\n\tat stepdefinitions.Login.clickLoginButton(Login.java:83)\n\tat stepdefinitions.Login.user_enter_username_pnd_password(Login.java:35)\n\tat ✽.User Enter Username = \"testuser\" And Password = \"Password\"(file:///Users/bhupeshjoshi/EclipseSelenium/allure/src/test/java/features/Login.feature:18)\n"},"stage":"finished","steps":[{"name":"User Enter Username and Password","status":"passed","stage":"finished","steps":[],"attachments":[{"name":"screenshot","source":"8f2e4ec1-85d0-4a92-9a54-9245c03fa5d9-attachment.png","type":"image/png"}],"parameters":[{"name":"arg1","value":"testuser"},{"name":"arg2","value":"Password"}],"start":1761898378589,"stop":1761898379519},{"name":"User Click on Login button","status":"broken","statusDetails":{"known":false,"muted":false,"flaky":false,"message":"Expected condition failed: waiting for element to no longer be visible: By.id: login (tried for 10 second(s) with 10 milliseconds interval)\nBuild info: version: '4.4.0', revision: 'e5c75ed026a'\nSystem info: host: 'bhupeshs-MacBook-Pro.local', ip: '2401:4900:8855:7cdc:9853:4dd4:3f27:a048%en0', os.name: 'Mac OS X', os.arch: 'aarch64', os.version: '26.0.1', java.version: '24.0.2'\nDriver info: org.openqa.selenium.chrome.ChromeDriver\nCapabilities {acceptInsecureCerts: false, browserName: chrome, browserVersion: 142.0.7444.60, chrome: {chromedriverVersion: 142.0.7444.59 (4b8153ab58d3..., userDataDir: /var/folders/g_/w61sp5k50x5...}, fedcm:accounts: true, goog:chromeOptions: {debuggerAddress: localhost:60129}, goog:processID: 8359, networkConnectionEnabled: false, pageLoadStrategy: normal, platformName: MAC, proxy: Proxy(), se:cdp: ws://localhost:60129/devtoo..., se:cdpVersion: 142.0.7444.60, setWindowRect: true, strictFileInteractability: false, timeouts: {implicit: 0, pageLoad: 300000, script: 30000}, unhandledPromptBehavior: dismiss and notify, webauthn:extension:credBlob: true, webauthn:extension:largeBlob: true, webauthn:extension:minPinLength: true, webauthn:extension:prf: true, webauthn:virtualAuthenticators: true}\nSession ID: ac5e43f48e40380b8cf8dae58879a12f","trace":"org.openqa.selenium.TimeoutException: Expected condition failed: waiting for element to no longer be visible: By.id: login (tried for 10 second(s) with 10 milliseconds interval)\nBuild info: version: '4.4.0', revision: 'e5c75ed026a'\nSystem info: host: 'bhupeshs-MacBook-Pro.local', ip: '2401:4900:8855:7cdc:9853:4dd4:3f27:a048%en0', os.name: 'Mac OS X', os.arch: 'aarch64', os.version: '26.0.1', java.version: '24.0.2'\nDriver info: org.openqa.selenium.chrome.ChromeDriver\nCapabilities {acceptInsecureCerts: false, browserName: chrome, browserVersion: 142.0.7444.60, chrome: {chromedriverVersion: 142.0.7444.59 (4b8153ab58d3..., userDataDir: /var/folders/g_/w61sp5k50x5...}, fedcm:accounts: true, goog:chromeOptions: {debuggerAddress: localhost:60129}, goog:processID: 8359, networkConnectionEnabled: false, pageLoadStrategy: normal, platformName: MAC, proxy: Proxy(), se:cdp: ws://localhost:60129/devtoo..., se:cdpVersion: 142.0.7444.60, setWindowRect: true, strictFileInteractability: false, timeouts: {implicit: 0, pageLoad: 300000, script: 30000}, unhandledPromptBehavior: dismiss and notify, webauthn:extension:credBlob: true, webauthn:extension:largeBlob: true, webauthn:extension:minPinLength: true, webauthn:extension:prf: true, webauthn:virtualAuthenticators: true}\nSession ID: ac5e43f48e40380b8cf8dae58879a12f\n\tat org.openqa.selenium.support.ui.WebDriverWait.timeoutException(WebDriverWait.java:87)\n\tat org.openqa.selenium.support.ui.FluentWait.until(FluentWait.java:231)\n\tat pom.PageBase.waitForElement(PageBase.java:54)\n\tat pom.LoginPage.clickLoginButton(LoginPage.java:71)\n\tat stepdefinitions.Login.clickLoginButton(Login.java:83)\n\tat stepdefinitions.Login.user_enter_username_pnd_password(Login.java:35)\n\tat java.base/jdk.internal.reflect.DirectMethodHandleAccessor.invoke(DirectMethodHandleAccessor.java:104)\n\tat java.base/java.lang.reflect.Method.invoke(Method.java:565)\n\tat io.cucumber.java.Invoker.doInvoke(Invoker.java:66)\n\tat io.cucumber.java.Invoker.invoke(Invoker.java:24)\n\tat io.cucumber.java.AbstractGlueDefinition.invokeMethod(AbstractGlueDefinition.java:47)\n\tat io.cucumber.java.JavaStepDefinition.execute(JavaStepDefinition.java:29)\n\tat io.cucumber.core.runner.CoreStepDefinition.execute(CoreStepDefinition.java:66)\n\tat io.cucumber.core.runner.PickleStepDefinitionMatch.runStep(PickleStepDefinitionMatch.java:63)\n\tat io.cucumber.core.runner.ExecutionMode$1.execute(ExecutionMode.java:10)\n\tat io.cucumber.core.runner.TestStep.executeStep(TestStep.java:84)\n\tat io.cucumber.core.runner.TestStep.run(TestStep.java:56)\n\tat io.cucumber.core.runner.PickleStepTestStep.run(PickleStepTestStep.java:51)\n\tat io.cucumber.core.runner.TestCase.run(TestCase.java:84)\n\tat io.cucumber.core.runner.Runner.runPickle(Runner.java:75)\n\tat io.cucumber.testng.TestNGCucumberRunner.lambda$runScenario$1(TestNGCucumberRunner.java:132)\n\tat io.cucumber.core.runtime.CucumberExecutionContext.lambda$runTestCase$5(CucumberExecutionContext.java:137)\n\tat io.cucumber.core.runtime.RethrowingThrowableCollector.executeAndThrow(RethrowingThrowableCollector.java:23)\n\tat io.cucumber.core.runtime.CucumberExecutionContext.runTestCase(CucumberExecutionContext.java:137)\n\tat io.cucumber.testng.TestNGCucumberRunner.runScenario(TestNGCucumberRunner.java:129)\n\tat io.cucumber.testng.AbstractTestNGCucumberTests.runScenario(AbstractTestNGCucumberTests.java:35)\n\tat java.base/jdk.internal.reflect.DirectMethodHandleAccessor.invoke(DirectMethodHandleAccessor.java:104)\n\tat java.base/java.lang.reflect.Method.invoke(Method.java:565)\n\tat org.testng.internal.invokers.MethodInvocationHelper.invokeMethod(MethodInvocationHelper.java:141)\n\tat org.testng.internal.invokers.TestInvoker.invokeMethod(TestInvoker.java:687)\n\tat org.testng.internal.invokers.TestInvoker.invokeTestMethod(TestInvoker.java:230)\n\tat org.testng.internal.invokers.TestMethodWithDataProviderMethodWorker.call(TestMethodWithDataProviderMethodWorker.java:81)\n\tat org.testng.internal.thread.Async$AsyncTask.run(Async.java:34)\n\tat java.base/java.util.concurrent.ThreadPoolExecutor.runWorker(ThreadPoolExecutor.java:1095)\n\tat java.base/java.util.concurrent.ThreadPoolExecutor$Worker.run(ThreadPoolExecutor.java:619)\n\tat java.base/java.lang.Thread.run(Thread.java:1447)\n"},"stage":"finished","steps":[],"attachments":[],"parameters":[],"start":1761898379519,"stop":1761898399577}],"attachments":[],"parameters":[],"start":1761898378588,"stop":1761898399580},{"name":"Then  Homepage Is Displayed","status":"skipped","statusDetails":{"known":false,"muted":false,"flaky":false},"stage":"finished","steps":[],"attachments":[],"parameters":[],"start":1761898399581,"stop":1761898399581}],"attachments":[],"parameters":[],"start":1761898370850,"stop":1761898399744}