{"uuid":"ffc59c1c-47d1-4cf8-88a6-a03ba7ed38e9","historyId":"f92b54a753316182797cd7129e4b07cf","fullName":"src/test/java/features/Login.feature:14","labels":[{"name":"tag","value":"tag"},{"name":"host","value":"bhupeshs-MacBook-Pro.local"},{"name":"thread","value":"7855@bhupeshs-MacBook-Pro.local.TestNG-PoolService-1(36)"},{"name":"feature","value":"Login Page"},{"name":"story","value":"Login with correct credentials"},{"name":"suite","value":"Login Page"},{"name":"testClass","value":"Login with correct credentials"},{"name":"framework","value":"cucumber4jvm"},{"name":"language","value":"java"},{"name":"gherkin_uri","value":"file:///Users/bhupeshjoshi/EclipseSelenium/allure/src/test/java/features/Login.feature"},{"name":"package","value":"src.test.java.features.Login_feature.Login Page"}],"links":[],"name":"Login with correct credentials","status":"broken","statusDetails":{"known":false,"muted":false,"flaky":false,"message":"Expected condition failed: waiting for alert to be present (tried for 10 second(s) with 10 milliseconds interval)\nBuild info: version: '4.4.0', revision: 'e5c75ed026a'\nSystem info: host: 'bhupeshs-MacBook-Pro.local', ip: '2401:4900:8855:7cdc:9853:4dd4:3f27:a048%en0', os.name: 'Mac OS X', os.arch: 'aarch64', os.version: '26.0.1', java.version: '24.0.2'\nDriver info: org.openqa.selenium.chrome.ChromeDriver\nCapabilities {acceptInsecureCerts: false, browserName: chrome, browserVersion: 142.0.7444.60, chrome: {chromedriverVersion: 142.0.7444.59 (4b8153ab58d3..., userDataDir: /var/folders/g_/w61sp5k50x5...}, fedcm:accounts: true, goog:chromeOptions: {debuggerAddress: localhost:58930}, goog:processID: 7916, networkConnectionEnabled: false, pageLoadStrategy: normal, platformName: MAC, proxy: Proxy(), se:cdp: ws://localhost:58930/devtoo..., se:cdpVersion: 142.0.7444.60, setWindowRect: true, strictFileInteractability: false, timeouts: {implicit: 0, pageLoad: 300000, script: 30000}, unhandledPromptBehavior: dismiss and notify, webauthn:extension:credBlob: true, webauthn:extension:largeBlob: true, webauthn:extension:minPinLength: true, webauthn:extension:prf: true, webauthn:virtualAuthenticators: true}\nSession ID: dd29f97f520a6c7c2dcff89d0c96c05b","trace":"org.openqa.selenium.TimeoutException: Expected condition failed: waiting for alert to be present (tried for 10 second(s) with 10 milliseconds interval)\nBuild info: version: '4.4.0', revision: 'e5c75ed026a'\nSystem info: host: 'bhupeshs-MacBook-Pro.local', ip: '2401:4900:8855:7cdc:9853:4dd4:3f27:a048%en0', os.name: 'Mac OS X', os.arch: 'aarch64', os.version: '26.0.1', java.version: '24.0.2'\nDriver info: org.openqa.selenium.chrome.ChromeDriver\nCapabilities {acceptInsecureCerts: false, browserName: chrome, browserVersion: 142.0.7444.60, chrome: {chromedriverVersion: 142.0.7444.59 (4b8153ab58d3..., userDataDir: /var/folders/g_/w61sp5k50x5...}, fedcm:accounts: true, goog:chromeOptions: {debuggerAddress: localhost:58930}, goog:processID: 7916, networkConnectionEnabled: false, pageLoadStrategy: normal, platformName: MAC, proxy: Proxy(), se:cdp: ws://localhost:58930/devtoo..., se:cdpVersion: 142.0.7444.60, setWindowRect: true, strictFileInteractability: false, timeouts: {implicit: 0, pageLoad: 300000, script: 30000}, unhandledPromptBehavior: dismiss and notify, webauthn:extension:credBlob: true, webauthn:extension:largeBlob: true, webauthn:extension:minPinLength: true, webauthn:extension:prf: true, webauthn:virtualAuthenticators: true}\nSession ID: dd29f97f520a6c7c2dcff89d0c96c05b\n\tat org.openqa.selenium.support.ui.WebDriverWait.timeoutException(WebDriverWait.java:87)\n\tat org.openqa.selenium.support.ui.FluentWait.until(FluentWait.java:231)\n\tat pom.PageBase.waitForElement(PageBase.java:52)\n\tat pom.PageBase.acceptAlert(PageBase.java:56)\n\tat pom.LoginPage.clickLoginButton(LoginPage.java:70)\n\tat stepdefinitions.Login.clickLoginButton(Login.java:83)\n\tat stepdefinitions.Login.user_enters_username_pnd_password(Login.java:42)\n\tat ✽.User Enter Username = testuser And Password = Password@123(file:///Users/bhupeshjoshi/EclipseSelenium/allure/src/test/java/features/Login.feature:7)\n"},"stage":"finished","steps":[{"name":"Given  User is on Landing Page","status":"passed","statusDetails":{"known":false,"muted":false,"flaky":false},"stage":"finished","steps":[],"attachments":[{"name":"screenshot","source":"02e4bdd6-6430-4b83-a66d-71c8c91d8c63-attachment.png","type":"image/png"}],"parameters":[],"start":1761897811699,"stop":1761897896931},{"name":"When  User Enter Username = testuser And Password = Password@123","status":"broken","statusDetails":{"known":false,"muted":false,"flaky":false,"message":"Expected condition failed: waiting for alert to be present (tried for 10 second(s) with 10 milliseconds interval)\nBuild info: version: '4.4.0', revision: 'e5c75ed026a'\nSystem info: host: 'bhupeshs-MacBook-Pro.local', ip: '2401:4900:8855:7cdc:9853:4dd4:3f27:a048%en0', os.name: 'Mac OS X', os.arch: 'aarch64', os.version: '26.0.1', java.version: '24.0.2'\nDriver info: org.openqa.selenium.chrome.ChromeDriver\nCapabilities {acceptInsecureCerts: false, browserName: chrome, browserVersion: 142.0.7444.60, chrome: {chromedriverVersion: 142.0.7444.59 (4b8153ab58d3..., userDataDir: /var/folders/g_/w61sp5k50x5...}, fedcm:accounts: true, goog:chromeOptions: {debuggerAddress: localhost:58930}, goog:processID: 7916, networkConnectionEnabled: false, pageLoadStrategy: normal, platformName: MAC, proxy: Proxy(), se:cdp: ws://localhost:58930/devtoo..., se:cdpVersion: 142.0.7444.60, setWindowRect: true, strictFileInteractability: false, timeouts: {implicit: 0, pageLoad: 300000, script: 30000}, unhandledPromptBehavior: dismiss and notify, webauthn:extension:credBlob: true, webauthn:extension:largeBlob: true, webauthn:extension:minPinLength: true, webauthn:extension:prf: true, webauthn:virtualAuthenticators: true}\nSession ID: dd29f97f520a6c7c2dcff89d0c96c05b","trace":"org.openqa.selenium.TimeoutException: Expected condition failed: waiting for alert to be present (tried for 10 second(s) with 10 milliseconds interval)\nBuild info: version: '4.4.0', revision: 'e5c75ed026a'\nSystem info: host: 'bhupeshs-MacBook-Pro.local', ip: '2401:4900:8855:7cdc:9853:4dd4:3f27:a048%en0', os.name: 'Mac OS X', os.arch: 'aarch64', os.version: '26.0.1', java.version: '24.0.2'\nDriver info: org.openqa.selenium.chrome.ChromeDriver\nCapabilities {acceptInsecureCerts: false, browserName: chrome, browserVersion: 142.0.7444.60, chrome: {chromedriverVersion: 142.0.7444.59 (4b8153ab58d3..., userDataDir: /var/folders/g_/w61sp5k50x5...}, fedcm:accounts: true, goog:chromeOptions: {debuggerAddress: localhost:58930}, goog:processID: 7916, networkConnectionEnabled: false, pageLoadStrategy: normal, platformName: MAC, proxy: Proxy(), se:cdp: ws://localhost:58930/devtoo..., se:cdpVersion: 142.0.7444.60, setWindowRect: true, strictFileInteractability: false, timeouts: {implicit: 0, pageLoad: 300000, script: 30000}, unhandledPromptBehavior: dismiss and notify, webauthn:extension:credBlob: true, webauthn:extension:largeBlob: true, webauthn:extension:minPinLength: true, webauthn:extension:prf: true, webauthn:virtualAuthenticators: true}\nSession ID: dd29f97f520a6c7c2dcff89d0c96c05b\n\tat org.openqa.selenium.support.ui.WebDriverWait.timeoutException(WebDriverWait.java:87)\n\tat org.openqa.selenium.support.ui.FluentWait.until(FluentWait.java:231)\n\tat pom.PageBase.waitForElement(PageBase.java:52)\n\tat pom.PageBase.acceptAlert(PageBase.java:56)\n\tat pom.LoginPage.clickLoginButton(LoginPage.java:70)\n\tat stepdefinitions.Login.clickLoginButton(Login.java:83)\n\tat stepdefinitions.Login.user_enters_username_pnd_password(Login.java:42)\n\tat ✽.User Enter Username = testuser And Password = Password@123(file:///Users/bhupeshjoshi/EclipseSelenium/allure/src/test/java/features/Login.feature:7)\n"},"stage":"finished","steps":[{"name":"User Enter Username and Password","status":"passed","stage":"finished","steps":[],"attachments":[{"name":"screenshot","source":"d18f3309-7bec-4378-96b6-1cdd7d36ef33-attachment.png","type":"image/png"}],"parameters":[{"name":"arg1","value":"testuser"},{"name":"arg2","value":"Password@123"}],"start":1761897896931,"stop":1761897898801},{"name":"User Click on Login button","status":"broken","statusDetails":{"known":false,"muted":false,"flaky":false,"message":"Expected condition failed: waiting for alert to be present (tried for 10 second(s) with 10 milliseconds interval)\nBuild info: version: '4.4.0', revision: 'e5c75ed026a'\nSystem info: host: 'bhupeshs-MacBook-Pro.local', ip: '2401:4900:8855:7cdc:9853:4dd4:3f27:a048%en0', os.name: 'Mac OS X', os.arch: 'aarch64', os.version: '26.0.1', java.version: '24.0.2'\nDriver info: org.openqa.selenium.chrome.ChromeDriver\nCapabilities {acceptInsecureCerts: false, browserName: chrome, browserVersion: 142.0.7444.60, chrome: {chromedriverVersion: 142.0.7444.59 (4b8153ab58d3..., userDataDir: /var/folders/g_/w61sp5k50x5...}, fedcm:accounts: true, goog:chromeOptions: {debuggerAddress: localhost:58930}, goog:processID: 7916, networkConnectionEnabled: false, pageLoadStrategy: normal, platformName: MAC, proxy: Proxy(), se:cdp: ws://localhost:58930/devtoo..., se:cdpVersion: 142.0.7444.60, setWindowRect: true, strictFileInteractability: false, timeouts: {implicit: 0, pageLoad: 300000, script: 30000}, unhandledPromptBehavior: dismiss and notify, webauthn:extension:credBlob: true, webauthn:extension:largeBlob: true, webauthn:extension:minPinLength: true, webauthn:extension:prf: true, webauthn:virtualAuthenticators: true}\nSession ID: dd29f97f520a6c7c2dcff89d0c96c05b","trace":"org.openqa.selenium.TimeoutException: Expected condition failed: waiting for alert to be present (tried for 10 second(s) with 10 milliseconds interval)\nBuild info: version: '4.4.0', revision: 'e5c75ed026a'\nSystem info: host: 'bhupeshs-MacBook-Pro.local', ip: '2401:4900:8855:7cdc:9853:4dd4:3f27:a048%en0', os.name: 'Mac OS X', os.arch: 'aarch64', os.version: '26.0.1', java.version: '24.0.2'\nDriver info: org.openqa.selenium.chrome.ChromeDriver\nCapabilities {acceptInsecureCerts: false, browserName: chrome, browserVersion: 142.0.7444.60, chrome: {chromedriverVersion: 142.0.7444.59 (4b8153ab58d3..., userDataDir: /var/folders/g_/w61sp5k50x5...}, fedcm:accounts: true, goog:chromeOptions: {debuggerAddress: localhost:58930}, goog:processID: 7916, networkConnectionEnabled: false, pageLoadStrategy: normal, platformName: MAC, proxy: Proxy(), se:cdp: ws://localhost:58930/devtoo..., se:cdpVersion: 142.0.7444.60, setWindowRect: true, strictFileInteractability: false, timeouts: {implicit: 0, pageLoad: 300000, script: 30000}, unhandledPromptBehavior: dismiss and notify, webauthn:extension:credBlob: true, webauthn:extension:largeBlob: true, webauthn:extension:minPinLength: true, webauthn:extension:prf: true, webauthn:virtualAuthenticators: true}\nSession ID: dd29f97f520a6c7c2dcff89d0c96c05b\n\tat org.openqa.selenium.support.ui.WebDriverWait.timeoutException(WebDriverWait.java:87)\n\tat org.openqa.selenium.support.ui.FluentWait.until(FluentWait.java:231)\n\tat pom.PageBase.waitForElement(PageBase.java:52)\n\tat pom.PageBase.acceptAlert(PageBase.java:56)\n\tat pom.LoginPage.clickLoginButton(LoginPage.java:70)\n\tat stepdefinitions.Login.clickLoginButton(Login.java:83)\n\tat stepdefinitions.Login.user_enters_username_pnd_password(Login.java:42)\n\tat java.base/jdk.internal.reflect.DirectMethodHandleAccessor.invoke(DirectMethodHandleAccessor.java:104)\n\tat java.base/java.lang.reflect.Method.invoke(Method.java:565)\n\tat io.cucumber.java.Invoker.doInvoke(Invoker.java:66)\n\tat io.cucumber.java.Invoker.invoke(Invoker.java:24)\n\tat io.cucumber.java.AbstractGlueDefinition.invokeMethod(AbstractGlueDefinition.java:47)\n\tat io.cucumber.java.JavaStepDefinition.execute(JavaStepDefinition.java:29)\n\tat io.cucumber.core.runner.CoreStepDefinition.execute(CoreStepDefinition.java:66)\n\tat io.cucumber.core.runner.PickleStepDefinitionMatch.runStep(PickleStepDefinitionMatch.java:63)\n\tat io.cucumber.core.runner.ExecutionMode$1.execute(ExecutionMode.java:10)\n\tat io.cucumber.core.runner.TestStep.executeStep(TestStep.java:84)\n\tat io.cucumber.core.runner.TestStep.run(TestStep.java:56)\n\tat io.cucumber.core.runner.PickleStepTestStep.run(PickleStepTestStep.java:51)\n\tat io.cucumber.core.runner.TestCase.run(TestCase.java:84)\n\tat io.cucumber.core.runner.Runner.runPickle(Runner.java:75)\n\tat io.cucumber.testng.TestNGCucumberRunner.lambda$runScenario$1(TestNGCucumberRunner.java:132)\n\tat io.cucumber.core.runtime.CucumberExecutionContext.lambda$runTestCase$5(CucumberExecutionContext.java:137)\n\tat io.cucumber.core.runtime.RethrowingThrowableCollector.executeAndThrow(RethrowingThrowableCollector.java:23)\n\tat io.cucumber.core.runtime.CucumberExecutionContext.runTestCase(CucumberExecutionContext.java:137)\n\tat io.cucumber.testng.TestNGCucumberRunner.runScenario(TestNGCucumberRunner.java:129)\n\tat io.cucumber.testng.AbstractTestNGCucumberTests.runScenario(AbstractTestNGCucumberTests.java:35)\n\tat java.base/jdk.internal.reflect.DirectMethodHandleAccessor.invoke(DirectMethodHandleAccessor.java:104)\n\tat java.base/java.lang.reflect.Method.invoke(Method.java:565)\n\tat org.testng.internal.invokers.MethodInvocationHelper.invokeMethod(MethodInvocationHelper.java:141)\n\tat org.testng.internal.invokers.TestInvoker.invokeMethod(TestInvoker.java:687)\n\tat org.testng.internal.invokers.TestInvoker.invokeTestMethod(TestInvoker.java:230)\n\tat org.testng.internal.invokers.TestMethodWithDataProviderMethodWorker.call(TestMethodWithDataProviderMethodWorker.java:81)\n\tat org.testng.internal.thread.Async$AsyncTask.run(Async.java:34)\n\tat java.base/java.util.concurrent.ThreadPoolExecutor.runWorker(ThreadPoolExecutor.java:1095)\n\tat java.base/java.util.concurrent.ThreadPoolExecutor$Worker.run(ThreadPoolExecutor.java:619)\n\tat java.base/java.lang.Thread.run(Thread.java:1447)\n"},"stage":"finished","steps":[],"attachments":[],"parameters":[],"start":1761897898801,"stop":1761897908844}],"attachments":[],"parameters":[],"start":1761897896931,"stop":1761897908846},{"name":"Then  Homepage Is Displayed","status":"skipped","statusDetails":{"known":false,"muted":false,"flaky":false},"stage":"finished","steps":[],"attachments":[],"parameters":[],"start":1761897908847,"stop":1761897908847},{"name":"And  Cards Are Displayed","status":"skipped","statusDetails":{"known":false,"muted":false,"flaky":false},"stage":"finished","steps":[],"attachments":[],"parameters":[],"start":1761897908847,"stop":1761897908848}],"attachments":[],"parameters":[{"name":"UserName","value":"testuser"},{"name":"Password","value":"Password@123"}],"start":1761897810498,"stop":1761897909012}